
> web@0.1.0 prebuild C:\Users\lumen\Programming\Pake\timer\bomb-timer-expo\mixture\apps\web
> node scripts/collect-licenses.mjs

[licenses] collected 61 packages, 57 with license text

> web@0.1.0 build C:\Users\lumen\Programming\Pake\timer\bomb-timer-expo\mixture\apps\web
> next build

⚠ Warning: Next.js inferred your workspace root, but it may not be correct.
 We detected multiple lockfiles and selected the directory of C:\Users\lumen\yarn.lock as the root directory.
 To silence this warning, set `turbopack.root` in your Next.js config, or consider removing one of the lockfiles if it's not needed.
   See https://nextjs.org/docs/app/api-reference/config/next-config-js/turbopack#root-directory for more information.
 Detected additional lockfiles: 
   * C:\Users\lumen\Programming\Pake\timer\bomb-timer-expo\mixture\pnpm-workspace.yaml

▲ Next.js 16.2.6 (Turbopack)

  Creating an optimized production build ...
✓ Compiled successfully in 2.9s
  Skipping validation of types
  Finished TypeScript config validation in 12ms ...
  Collecting page data using 5 workers ...
  Generating static pages using 5 workers (0/2) ...
✓ Generating static pages using 5 workers (2/2) in 459ms
  Finalizing page optimization ...

Route (app)
┌ ƒ /
├ ○ /_not-found
└ ƒ /insert/[id]


○  (Static)   prerendered as static content
ƒ  (Dynamic)  server-rendered on demand

